<?xml version="1.0" encoding="UTF-8"?>
<testsuites name="jest tests" tests="9" failures="0" errors="0" time="3.522">
  <testsuite name="helloworld" errors="0" failures="0" skipped="0" timestamp="2022-01-12T02:41:02" time="2.119" tests="1">
    <testcase classname="helloworld Login" name="helloworld Login" time="0.905">
    </testcase>
  </testsuite>
  <testsuite name="helloworld" errors="0" failures="0" skipped="0" timestamp="2022-01-12T02:41:02" time="2.119" tests="1">
    <testcase classname="helloworld Login" name="helloworld Login" time="0.898">
    </testcase>
  </testsuite>
  <testsuite name="helloworld" errors="0" failures="0" skipped="0" timestamp="2022-01-12T02:41:02" time="2.117" tests="1">
    <testcase classname="helloworld Login" name="helloworld Login" time="0.929">
    </testcase>
  </testsuite>
  <testsuite name="helloworld" errors="0" failures="0" skipped="0" timestamp="2022-01-12T02:41:02" time="2.147" tests="1">
    <testcase classname="helloworld Login" name="helloworld Login" time="0.949">
    </testcase>
  </testsuite>
  <testsuite name="helloworld" errors="0" failures="0" skipped="0" timestamp="2022-01-12T02:41:02" time="2.16" tests="1">
    <testcase classname="helloworld Login" name="helloworld Login" time="0.926">
    </testcase>
  </testsuite>
  <testsuite name="helloworld" errors="0" failures="0" skipped="0" timestamp="2022-01-12T02:41:02" time="2.249" tests="1">
    <testcase classname="helloworld Login" name="helloworld Login" time="1.021">
    </testcase>
  </testsuite>
  <testsuite name="helloworld" errors="0" failures="0" skipped="0" timestamp="2022-01-12T02:41:02" time="2.243" tests="1">
    <testcase classname="helloworld Login" name="helloworld Login" time="0.989">
    </testcase>
  </testsuite>
  <testsuite name="helloworld" errors="0" failures="0" skipped="0" timestamp="2022-01-12T02:41:04" time="1.099" tests="1">
    <testcase classname="helloworld Login" name="helloworld Login" time="0.716">
    </testcase>
  </testsuite>
  <testsuite name="helloworld" errors="0" failures="0" skipped="0" timestamp="2022-01-12T02:41:04" time="1.095" tests="1">
    <testcase classname="helloworld Login" name="helloworld Login" time="0.733">
    </testcase>
  </testsuite>
</testsuites>